<?xml version="1.0" encoding="UTF-8"?>
<testng-results ignored="0" total="1" passed="1" failed="0" skipped="0">
  <reporter-output>
  </reporter-output>
  <suite started-at="2021-05-23T23:41:05 IST" name="Default suite" finished-at="2021-05-23T23:41:25 IST" duration-ms="20040">
    <groups>
    </groups>
    <test started-at="2021-05-23T23:41:05 IST" name="Default test" finished-at="2021-05-23T23:41:25 IST" duration-ms="20040">
      <class name="baesystems11g.BurgerMenuTest">
        <test-method is-config="true" signature="openBrowser()[pri:0, instance:baesystems11g.BurgerMenuTest@48974e45]" started-at="2021-05-23T23:41:05 IST" name="openBrowser" finished-at="2021-05-23T23:41:08 IST" duration-ms="3229" status="PASS">
          <reporter-output>
          </reporter-output>
        </test-method> <!-- openBrowser -->
        <test-method signature="burgermenulist()[pri:0, instance:baesystems11g.BurgerMenuTest@48974e45]" started-at="2021-05-23T23:41:08 IST" name="burgermenulist" finished-at="2021-05-23T23:41:25 IST" duration-ms="16758" status="PASS">
          <reporter-output>
          </reporter-output>
        </test-method> <!-- burgermenulist -->
        <test-method is-config="true" signature="quitBrowser()[pri:0, instance:baesystems11g.BurgerMenuTest@48974e45]" started-at="2021-05-23T23:41:25 IST" name="quitBrowser" finished-at="2021-05-23T23:41:25 IST" duration-ms="0" status="PASS">
          <reporter-output>
          </reporter-output>
        </test-method> <!-- quitBrowser -->
      </class> <!-- baesystems11g.BurgerMenuTest -->
    </test> <!-- Default test -->
  </suite> <!-- Default suite -->
</testng-results>
